剑指 Offer 50 第一个只出现一次的字符 https://leetcode-cn.com/problems/di-yi-ge-zhi-chu-xian-yi-ci-de-zi-fu-lcof
剑指 Offer 40 最小的k个数 https://leetcode-cn.com/problems/zui-xiao-de-kge-shu-lcof
剑指 Offer 59 - I 滑动窗口的最大值 https://leetcode-cn.com/problems/hua-dong-chuang-kou-de-zui-da-zhi-lcof
剑指 Offer 62 圆圈中最后剩下的数字 https://leetcode-cn.com/problems/yuan-quan-zhong-zui-hou-sheng-xia-de-shu-zi-lcof
剑指 Offer 18 删除链表的节点 https://leetcode-cn.com/problems/shan-chu-lian-biao-de-jie-dian-lcof
剑指 Offer 33 二叉搜索树的后序遍历序列 https://leetcode-cn.com/problems/er-cha-sou-suo-shu-de-hou-xu-bian-li-xu-lie-lcof
6 Z 字形变换 https://leetcode-cn.com/problems/zigzag-conversion
剑指 Offer 36 二叉搜索树与双向链表 https://leetcode-cn.com/problems/er-cha-sou-suo-shu-yu-shuang-xiang-lian-biao-lcof
367 有效的完全平方数 https://leetcode-cn.com/problems/valid-perfect-square
125 验证回文串 https://leetcode-cn.com/problems/valid-palindrome
242 有效的字母异位词 https://leetcode-cn.com/problems/valid-anagram
120 三角形最小路径和 https://leetcode-cn.com/problems/triangle
42 接雨水 https://leetcode-cn.com/problems/trapping-rain-water
1470 重新排列数组 https://leetcode-cn.com/problems/shuffle-the-array
1480 一维数组的动态和 https://leetcode-cn.com/problems/running-sum-of-1d-array
345 反转字符串中的元音字母 https://leetcode-cn.com/problems/reverse-vowels-of-a-string
344 反转字符串 https://leetcode-cn.com/problems/reverse-string
7 整数反转 https://leetcode-cn.com/problems/reverse-integer
1119 删去字符串中的元音 https://leetcode-cn.com/problems/remove-vowels-from-a-string
301 删除无效的括号 https://leetcode-cn.com/problems/remove-invalid-parentheses
27 移除元素 https://leetcode-cn.com/problems/remove-element
80 删除有序数组中的重复项 II https://leetcode-cn.com/problems/remove-duplicates-from-sorted-array-ii
10 正则表达式匹配 https://leetcode-cn.com/problems/regular-expression-matching
238 除自身以外数组的乘积 https://leetcode-cn.com/problems/product-of-array-except-self
面试题 08.08 有重复字符串的排列组合 https://leetcode-cn.com/problems/permutation-ii-lcci
647 回文子串 https://leetcode-cn.com/problems/palindromic-substrings
9 回文数 https://leetcode-cn.com/problems/palindrome-number
1343 大小为 K 且平均值大于等于阈值的子数组数目 https://leetcode-cn.com/problems/number-of-sub-arrays-of-size-k-and-average-greater-than-or-equal-to-threshold
43 字符串相乘 https://leetcode-cn.com/problems/multiply-strings
283 移动零 https://leetcode-cn.com/problems/move-zeroes
599 两个列表的最小索引总和 https://leetcode-cn.com/problems/minimum-index-sum-of-two-lists
876 链表的中间结点 https://leetcode-cn.com/problems/middle-of-the-linked-list
1669 合并两个链表 https://leetcode-cn.com/problems/merge-in-between-linked-lists
340 至多包含 K 个不同字符的最长子串 https://leetcode-cn.com/problems/longest-substring-with-at-most-k-distinct-characters
395 至少有 K 个重复字符的最长子串 https://leetcode-cn.com/problems/longest-substring-with-at-least-k-repeating-characters
5 最长回文子串 https://leetcode-cn.com/problems/longest-palindromic-substring
516 最长回文子序列 https://leetcode-cn.com/problems/longest-palindromic-subsequence
1049 最后一块石头的重量 II https://leetcode-cn.com/problems/last-stone-weight-ii
面试题 16.25 LRU 缓存 https://leetcode-cn.com/problems/lru-cache-lcci
146 LRU 缓存机制 https://leetcode-cn.com/problems/lru-cache
215 数组中的第K个最大元素 https://leetcode-cn.com/problems/kth-largest-element-in-an-array
440 字典序的第K小数字 https://leetcode-cn.com/problems/k-th-smallest-in-lexicographical-order
1306 跳跃游戏 III https://leetcode-cn.com/problems/jump-game-iii
55 跳跃游戏 https://leetcode-cn.com/problems/jump-game
面试题 01.01 判定字符是否唯一 https://leetcode-cn.com/problems/is-unique-lcci
28 实现 strStr() https://leetcode-cn.com/problems/implement-strstr
1051 高度检查器 https://leetcode-cn.com/problems/height-checker
374 猜数字大小 https://leetcode-cn.com/problems/guess-number-higher-or-lower
430 扁平化多级双向链表 https://leetcode-cn.com/problems/flatten-a-multilevel-doubly-linked-list
278 第一个错误的版本 https://leetcode-cn.com/problems/first-bad-version
287 寻找重复数 https://leetcode-cn.com/problems/find-the-duplicate-number
剑指 Offer 42 连续子数组的最大和 https://leetcode-cn.com/problems/lian-xu-zi-shu-zu-de-zui-da-he-lcof
658 找到 K 个最接近的元素 https://leetcode-cn.com/problems/find-k-closest-elements
172 阶乘后的零 https://leetcode-cn.com/problems/factorial-trailing-zeroes
690 员工的重要性 https://leetcode-cn.com/problems/employee-importance
29 两数相除 https://leetcode-cn.com/problems/divide-two-integers
498 对角线遍历 https://leetcode-cn.com/problems/diagonal-traverse
707 设计链表 https://leetcode-cn.com/problems/design-linked-list
641 设计循环双端队列 https://leetcode-cn.com/problems/design-circular-deque
138 复制带随机指针的链表 https://leetcode-cn.com/problems/copy-list-with-random-pointer
217 存在重复元素 https://leetcode-cn.com/problems/contains-duplicate
11 盛最多水的容器 https://leetcode-cn.com/problems/container-with-most-water
面试题 01.06 字符串压缩 https://leetcode-cn.com/problems/compress-string-lcci
322 零钱兑换 https://leetcode-cn.com/problems/coin-change
314 二叉树的垂直遍历 https://leetcode-cn.com/problems/binary-tree-vertical-order-traversal
441 排列硬币 https://leetcode-cn.com/problems/arranging-coins
445 两数相加 II https://leetcode-cn.com/problems/add-two-numbers-ii
415 字符串相加 https://leetcode-cn.com/problems/add-strings
剑指 Offer 10- II 青蛙跳台阶问题 https://leetcode-cn.com/problems/qing-wa-tiao-tai-jie-wen-ti-lcof
剑指 Offer 56 - II 数组中数字出现的次数 II https://leetcode-cn.com/problems/shu-zu-zhong-shu-zi-chu-xian-de-ci-shu-ii-lcof
剑指 Offer 13 机器人的运动范围 https://leetcode-cn.com/problems/ji-qi-ren-de-yun-dong-fan-wei-lcof
154 寻找旋转排序数组中的最小值 II https://leetcode-cn.com/problems/find-minimum-in-rotated-sorted-array-ii
